-------------------------------------------------------------------------------
Test set: com.AutoCodeGenerator.SampleCode.SampleCodeApplicationTests
-------------------------------------------------------------------------------
Tests run: 1, Failures: 0, Errors: 1, Skipped: 0, Time elapsed: 0.539 s <<< FAILURE! - in com.AutoCodeGenerator.SampleCode.SampleCodeApplicationTests
com.AutoCodeGenerator.SampleCode.SampleCodeApplicationTests  Time elapsed: 0.537 s  <<< ERROR!
java.lang.IllegalStateException: Unable to find a @SpringBootConfiguration, you need to use @ContextConfiguration or @SpringBootTest(classes=...) with your test

